Frontend-Node:  ======================
                Mesher selection: FPBA
                ======================

>>>>>>>>>>>>>>>>>>>>>>>>>>>>>>>>
Wed Wed Sep 24 17:38:06 2025
started: parallelization control
>>>>>>>>>>>>>>>>>>>>>>>>>>>>>>>>

======================================================================================
 - hardware info
   + cpu name                    : 12th Gen Intel(R) Core(TM) i7-12700H
   + sockets                     : 1
   + cores per socket            : 6
   + hyperthreading              : on
   + ht-units                    : 2
   + efficiency cores            : 8, not used
   + max cpuid level             : 32
   + max cpuid ext. level        : 8
   + numa nodes                  : 1
   + internal cpu info           : CPUID: selected engine is 'Leaf 0xB detection'
performance cores:
apic ids           : 0, 1, 8, 9, 16, 17, 24, 25, 32, 33, 40, 41
apic ids (fallback): 0, 1, 8, 9, 16, 17, 24, 25, 32, 33, 40, 41
from cpu registers: 0, 1, 8, 9, 16, 17, 24, 25, 32, 33, 40, 41
fallback: 0, 1, 8, 9, 16, 17, 24, 25, 32, 33, 40, 41
combined: 0, 1, 8, 9, 16, 17, 24, 25, 32, 33, 40, 41
core 0 type: Intel Core
core 1 type: Intel Core
core 2 type: Intel Core
core 3 type: Intel Core
core 4 type: Intel Core
core 5 type: Intel Core
core 6 type: Intel Core
core 7 type: Intel Core
core 8 type: Intel Core
core 9 type: Intel Core
core 10 type: Intel Core
core 11 type: Intel Core
max id per cpu: 128
SMT mask: 1
Core mask: 7e
Package mask: ffffff80
set results:
  - packages: 1
  - cores: 6
  - smts: 2
generate core map, new implementation
0, 1, 2, 3, 4, 5, 6, 7, 8, 9, 10, 11
packages: 1
cores   : 6
ht units: 2
efficiency cores:
apic ids           : 48, 50, 52, 54, 56, 58, 60, 62
apic ids (fallback): 48, 50, 52, 54, 56, 58, 60, 62
from cpu registers: 48, 50, 52, 54, 56, 58, 60, 62
fallback: 48, 50, 52, 54, 56, 58, 60, 62
combined: 48, 50, 52, 54, 56, 58, 60, 62
core 0 type: Intel Atom
core 1 type: Intel Atom
core 2 type: Intel Atom
core 3 type: Intel Atom
core 4 type: Intel Atom
core 5 type: Intel Atom
core 6 type: Intel Atom
core 7 type: Intel Atom
max id per cpu: 128
SMT mask: 1
Core mask: 7e
Package mask: ffffff80
set results:
  - packages: 1
  - cores: 8
  - smts: 1
generate core map, new implementation
0, 1, 2, 3, 4, 5, 6, 7
packages: 1
cores   : 8
ht units: 1
 - pinning rule in use   : PINNING_RULE_MCALC_SKIP_ALL
 - desired group         : 0
 - num cores available   : 20
 - efficiency cores      : 8, not used
 - active core list from affinity: 
   + num accessible procs          : 20
   + num logical procs             : 20
   + current affinity (env)        : 0,1,2,3,4,5,6,7,8,9,10,11,12,13,14,15,16,17,18,19
   + sockets ids in                : 0
   + core list                  (1): 0,2,4,6,8,10,12,13,14,15,16,17,18,19
 - active cores          : 0,2,4,6,8,10,12,13,14,15,16,17,18,19
 - hyperthreading        : on
 - allowed core ids      : 0,2,4,6,8,10
 - allowed core ids (aff): 101010 101010 000000 00
 - used mask (string)    : 101010 101010 000000 00
======================================================================================

==========================================================================
Version: 2024.1 Release from 2023-10-16 (change 1181985) [Release]
Workflow: QQ-Facets
Operation: [acis, fpba, bg]
Architecture: Windows, ID: AMD64
System Windows-64bit
Using processor group 0/1
Matrix calculation information:
# of Nodes: 0
Concurrency: 0
Start ID: 0
Node ID: 0
HEX Mesh information:
Hex mesh: global: [hxr o(0 | 0 | 0) s(59 | 59 | 72) np (no TSTs): 250632] 
==========================================================================

>>>>>>>>>>>>>>>>>>>>>>>>>>>>>
Wed Wed Sep 24 17:38:06 2025
started: processing CAD model
>>>>>>>>>>>>>>>>>>>>>>>>>>>>>

========================================================================
Processing CAD model (for field results)
	[Improved internal geometry representation]
	[Accuracy improvement for long shapes in inhomogeneous mesh regions]
Version: 2024.1 Release from 2023-10-16 (change 1181985)
PBA version 2023101624
Sub-Workflow: Facets-QQ-GEX
Workflow updated: -
Wed Wed Sep 24 17:38:06 2025
========================================================================

===========================================
Finished CAD processing (for field results)
===========================================

<<<<<<<<<<<<<<<<<<<<<<<<<<<<<<<<<<<<<<<<<<
Wed Wed Sep 24 17:38:06 2025
Resource usage for processing CAD model:
	Runtime                 00:00:00.00061
	Peak Memory Usage:               18 MB
<<<<<<<<<<<<<<<<<<<<<<<<<<<<<<<<<<<<<<<<<<

>>>>>>>>>>>>>>>>>>>>>>>>>>>>>
Wed Wed Sep 24 17:38:06 2025
started: processing CAD model
>>>>>>>>>>>>>>>>>>>>>>>>>>>>>

>2025-08-24 17:38:06.00309< matrixcalc_AMD64 @ WIN-IF1N2ESBOIR:  !!!!!!!!!!!!!!!!!!!!!!!!!!!!!!!!!!!!!!!
                                                                 current system memory usage reached 50%
                                                                 !!!!!!!!!!!!!!!!!!!!!!!!!!!!!!!!!!!!!!!

========================================================================
Processing CAD model
	[Improved internal geometry representation]
	[Accuracy improvement for long shapes in inhomogeneous mesh regions]
Version: 2024.1 Release from 2023-10-16 (change 1181985)
PBA version 2023101624
Sub-Workflow: Facets-QQ-GEX
Workflow updated: -
Wed Wed Sep 24 17:38:06 2025
========================================================================

---------------------------------------------
Used point accuracy enhancement value: 0.00%.
---------------------------------------------

=============================================================================
Mesh statistics:
-----------------------------------------------------------------------------
Minimum edge length (x): 9.99e-05 @ mesh line 17 (x)
Maximum edge length (x): 0.00388 @ mesh line 55 (x)
Minimum face area (x): 9.45e-09 @ mesh lines 17 | 28 (y | z)
Maximum face area (x): 1.51e-05 @ mesh lines 55 | 69 (y | z)
Minimum edge length (y): 9.99e-05 @ mesh line 17 (y)
Maximum edge length (y): 0.00388 @ mesh line 55 (y)
Minimum face area (y): 9.45e-09 @ mesh lines 28 | 17 (z | x)
Maximum face area (y): 1.51e-05 @ mesh lines 69 | 55 (z | x)
Minimum edge length (z): 9.46e-05 @ mesh line 28 (z)
Maximum edge length (z): 0.00388 @ mesh line 69 (z)
Minimum face area (z): 9.99e-09 @ mesh lines 17 | 17 (x | y)
Maximum face area (z): 1.51e-05 @ mesh lines 55 | 55 (x | y)
Maximum mesh face aspect ratio (x): 41 : 1.0  @ mesh lines 55 | 28 (y | z)
Maximum mesh face aspect ratio (y): 41 : 1.0  @ mesh lines 28 | 55 (z | x)
Maximum mesh face aspect ratio (z): 38.8 : 1.0  @ mesh lines 55 | 17 (x | y)
=============================================================================

============================================================================
Available resources to store TST cells: 2147233015 (856727.40% of mesh size)
============================================================================

------------------------------------------------------------------------------------------------
Geometry processing log
	PEC background is represented by CAD geometry: false
	Background shape: added
	Multithread portion: 100.00
	Number of CAD shapes: 1
	Number of lumps: 1
------------------------------------------------------------------------------------------------
=========================================
== CST Matrix Calculation Priority Log ==
=========================================
Priorities are sorted in ascending order beginning with the lowest priority
 
Group | Shape-ID | ShapeName | Material | User-priority | 2D/3D-Geometry | Material-attributes | Shape-attributes | Feature-ID | Schemetype
1 | 5 | </cst/Boundaries/> Low^X | $NFSMaterial$ | n/a | no | normal.vacuum. | boundary. | n/a | FIT_TD
1 | 6 | </cst/Boundaries/> Low^Y | $NFSMaterial$ | n/a | no | normal.vacuum. | boundary. | n/a | FIT_TD
1 | 7 | </cst/Boundaries/> Low^Z | $NFSMaterial$ | n/a | no | normal.vacuum. | boundary. | n/a | FIT_TD
1 | 8 | </cst/Boundaries/> Up^X | $NFSMaterial$ | n/a | no | normal.vacuum. | boundary. | n/a | FIT_TD
1 | 9 | </cst/Boundaries/> Up^Y | $NFSMaterial$ | n/a | no | normal.vacuum. | boundary. | n/a | FIT_TD
1 | 10 | </cst/Boundaries/> Up^Z | $NFSMaterial$ | n/a | no | normal.vacuum. | boundary. | n/a | FIT_TD
2 | 3 | </cst/Ports/> 1^t0 | PEC | n/a | no | pec. | edge-element.wire. | n/a | FIT_TD
2 | 4 | </cst/Ports/> 1^t1 | PEC | n/a | no | pec. | edge-element.wire. | n/a | FIT_TD
3 | 1 | component1:solid1 | PEC | n/a | yes | pec. | solid. | n/a | FIT_TD
3 | 2 | component1:solid1 (Lump 2) | PEC | n/a | yes | pec. | solid. | n/a | FIT_TD
=========================================
************************************************************************************************
General settings
	PBA version: default
------------------------------------------------------------------------------------------------
Geometry processor: default
	Geo accuracy: 0.000000
	Watertightness check: true
	Self intersection check: false
	Inheritance (all): false
	Normal dominance (all): false
	Normal dominance (ports): false
	Flanges hollow: true
	One shape per flange: false
	Multi threading: true
		max # of threads used: 12
		requested max # of threads: 12
		representation: indexed
		method: multi thread
		retry: no
------------------------------------------------------------------------------------------------
CAD processing settings are set to default
------------------------------------------------------------------------------------------------
Connectivity settings
	Workflow selection: 0
	Workflow version: 20180101
	Gap detection: true
	Gap detection version: 2
	TST version: 2
	QQ workflow: true
	CoCo workflow: true
	Legacy topology: false
	Connectivity check: false
------------------------------------------------------------------------------------------------
------------------------------------------------------------------------------------------------
CAD Processing Version Info
	ACIS version installed:	33.0.1
	ACIS version used:	33.0.1
------------------------------------------------------------------------------------------------
Success method:	fb-multi-thread-22
************************************************************************************************

=======================
Finished CAD processing
=======================

<<<<<<<<<<<<<<<<<<<<<<<<<<<<<<<<<<<<<<<<<<
Wed Wed Sep 24 17:38:06 2025
Resource usage for processing CAD model:
	Runtime                 00:00:00.00034
	Peak Memory Usage:               19 MB
<<<<<<<<<<<<<<<<<<<<<<<<<<<<<<<<<<<<<<<<<<

------------------------------------------------------------
Parallelization Info
------------------------------------------------------------
Hyperthreading active: true
Hyperthreading used: false
Number of concurrent threads: 4
Number of concurrent threads using GPU: 0
Number of node domains: 8
Domains-to-threads scaling: 2
Average FI domain size: 2e+04
Nice mode: true
Delayed matrix calculation start: false
Load balancing: Version 20090403
Number of mesh fill domains: 12
Memory downscale: 1
Shared memory representation: none
CPU load: 66.67%
Emptiness: 0.00%
Hex mesh complexity: 0.23884
Geometric complexity: 0.00248
lower size limit of domain (1D): 60
------------------------------------------------------------
Node order
6, 5, 7, 4, 3, 2, 1, 0
------------------------------------------------------------

------------------------------------------------------------------
Matrix calculation job submit section 0
Currently running jobs: 0
Waiting jobs: 8
Concurrency for section: 4/4
Memory physically installed: 16.8497 GB
Memory currently available: 8.3152 GB
Memory already used: 8.53454 GB
Matrix calculation @ 1xN-Node 0006
	Mesh coverage: 3654000.00 %
	Estimated peak memory usage per node: 41 MB, tightness: 0.49 %
	GPU acceleration: off
	Processor group: 0
Matrix calculation @ 1xN-Node 0005
	Mesh coverage: 3775800.00 %
	Estimated peak memory usage per node: 41 MB, tightness: 0.49 %
	GPU acceleration: off
	Processor group: 0
Matrix calculation @ 1xN-Node 0007
	Mesh coverage: 3780000.00 %
	Estimated peak memory usage per node: 41 MB, tightness: 0.49 %
	GPU acceleration: off
	Processor group: 0
Matrix calculation @ 1xN-Node 0004
	Mesh coverage: 3410400.00 %
	Estimated peak memory usage per node: 41 MB, tightness: 0.49 %
	GPU acceleration: off
	Processor group: 0
Node distribution on 1 processor group: 4
------------------------------------------------------------------

------------------------------------------------------------------
Matrix calculation job submit section 1
Currently running jobs: 3
Waiting jobs: 4
Concurrency for section: 1/4
Memory physically installed: 16.8497 GB
Memory currently available: 8.17204 GB
Memory already used: 8.6777 GB
Matrix calculation @ 1xN-Node 0003
	Mesh coverage: 2700000.00 %
	Estimated peak memory usage per node: 41 MB, tightness: 0.50 %
	GPU acceleration: off
	Processor group: 0
Node distribution on 1 processor group: 4
------------------------------------------------------------------

------------------------------------------------------------------
Matrix calculation job submit section 2
Currently running jobs: 3
Waiting jobs: 3
Concurrency for section: 1/4
Memory physically installed: 16.8497 GB
Memory currently available: 8.25003 GB
Memory already used: 8.59972 GB
Matrix calculation @ 1xN-Node 0002
	Mesh coverage: 2610000.00 %
	Estimated peak memory usage per node: 41 MB, tightness: 0.50 %
	GPU acceleration: off
	Processor group: 0
Node distribution on 1 processor group: 4
------------------------------------------------------------------

------------------------------------------------------------------
Matrix calculation job submit section 3
Currently running jobs: 3
Waiting jobs: 2
Concurrency for section: 1/4
Memory physically installed: 16.8497 GB
Memory currently available: 8.25003 GB
Memory already used: 8.59972 GB
Matrix calculation @ 1xN-Node 0001
	Mesh coverage: 2697000.00 %
	Estimated peak memory usage per node: 41 MB, tightness: 0.50 %
	GPU acceleration: off
	Processor group: 0
Node distribution on 1 processor group: 4
------------------------------------------------------------------

------------------------------------------------------------------
Matrix calculation job submit section 4
Currently running jobs: 3
Waiting jobs: 1
Concurrency for section: 1/4
Memory physically installed: 16.8497 GB
Memory currently available: 8.24984 GB
Memory already used: 8.5999 GB
Matrix calculation @ 1xN-Node 0000
	Mesh coverage: 2436000.00 %
	Estimated peak memory usage per node: 41 MB, tightness: 0.50 %
	GPU acceleration: off
	Processor group: 0
Node distribution on 1 processor group: 4
------------------------------------------------------------------

------------------------------------
Mesh: # of points excl. TSTs: 250632
      # of points incl. TSTs: 251696
------------------------------------

===========================================
Data rearrangement statistics:
Disk IO directories:	00:00:00.0000
Disk IO node domain files:	00:00:00.0059
Disk IO FI domain files:	00:00:00.0000
Disk IO meta information:	00:00:00.0007
Sequential merge (TST):	00:00:00.0000
===========================================

1xN000:  =============================================================
         [Boundaries] - MCalc
         open-add-space, mpi, open-add-space, mpi, open-add-space, mpi
         =============================================================

1xN000:  ========================================
         [Mesh] Matrix calculation - NO ACIS mode
         [Mesh] 1xN MPI or parallelization mode
         ========================================

1xN000:  =============================
         [Mesh] Expansion: 0 2 0 2 0 2
         =============================

1xN000:  ==================================================
         [Mesh] world: o(0000,0000,0000) e(0059,0059,0072)
         [Mesh] l-1xN: o(0000,0000,0000) e(0030,0029,0031)
         [Mesh] e-1xN: o(0000,0000,0000) e(0032,0031,0033)
         [Mesh] g-MPI: not available
         [Mesh] bound offset: (0 | 2 | 0)
         ==================================================

1xN000:  ======================================================================================
          - hardware info
            + cpu name                    : 12th Gen Intel(R) Core(TM) i7-12700H
            + sockets                     : 1
            + cores per socket            : 6
            + hyperthreading              : on
            + ht-units                    : 2
            + efficiency cores            : 8, not used
            + max cpuid level             : 32
            + max cpuid ext. level        : 8
            + numa nodes                  : 1
            + internal cpu info           : CPUID: selected engine is 'Leaf 0xB detection'
         performance cores:
         apic ids           : 0, 1, 8, 9, 16, 17, 24, 25, 32, 33, 40, 41
         apic ids (fallback): 0, 1, 8, 9, 16, 17, 24, 25, 32, 33, 40, 41
         from cpu registers: 0, 1, 8, 9, 16, 17, 24, 25, 32, 33, 40, 41
         fallback: 0, 1, 8, 9, 16, 17, 24, 25, 32, 33, 40, 41
         combined: 0, 1, 8, 9, 16, 17, 24, 25, 32, 33, 40, 41
         core 0 type: Intel Core
         core 1 type: Intel Core
         core 2 type: Intel Core
         core 3 type: Intel Core
         core 4 type: Intel Core
         core 5 type: Intel Core
         core 6 type: Intel Core
         core 7 type: Intel Core
         core 8 type: Intel Core
         core 9 type: Intel Core
         core 10 type: Intel Core
         core 11 type: Intel Core
         max id per cpu: 128
         SMT mask: 1
         Core mask: 7e
         Package mask: ffffff80
         set results:
           - packages: 1
           - cores: 6
           - smts: 2
         generate core map, new implementation
         0, 1, 2, 3, 4, 5, 6, 7, 8, 9, 10, 11
         packages: 1
         cores   : 6
         ht units: 2
         efficiency cores:
         apic ids           : 48, 50, 52, 54, 56, 58, 60, 62
         apic ids (fallback): 48, 50, 52, 54, 56, 58, 60, 62
         from cpu registers: 48, 50, 52, 54, 56, 58, 60, 62
         fallback: 48, 50, 52, 54, 56, 58, 60, 62
         combined: 48, 50, 52, 54, 56, 58, 60, 62
         core 0 type: Intel Atom
         core 1 type: Intel Atom
         core 2 type: Intel Atom
         core 3 type: Intel Atom
         core 4 type: Intel Atom
         core 5 type: Intel Atom
         core 6 type: Intel Atom
         core 7 type: Intel Atom
         max id per cpu: 128
         SMT mask: 1
         Core mask: 7e
         Package mask: ffffff80
         set results:
           - packages: 1
           - cores: 8
           - smts: 1
         generate core map, new implementation
         0, 1, 2, 3, 4, 5, 6, 7
         packages: 1
         cores   : 8
         ht units: 1
          - pinning rule in use   : PINNING_RULE_MCALC_SKIP_ALL
          - desired group         : 0
          - num cores available   : 20
          - efficiency cores      : 8, not used
          - active core list from affinity:
            + num accessible procs          : 20
            + num logical procs             : 20
            + current affinity (env)        : 0,1,2,3,4,5,6,7,8,9,10,11,12,13,14,15,16,17,18,19
            + sockets ids in                : 0
            + core list                  (1): 0,1,2,3,4,5,6,7,8,9,10,11,12,13,14,15,16,17,18,19
          - active cores          : 0,1,2,3,4,5,6,7,8,9,10,11,12,13,14,15,16,17,18,19
          - hyperthreading        : on
          - skip pinning: + allowed number of sockets = available number of sockets
                          + hyperthreading allowed by solver
         ======================================================================================

1xN000:  ================================================================================
         Version: 2024.1 Release from 2023-10-16 (change 1181985) [Release]
         Workflow: PBA matrix coefficients
         Operation: [fpba, meshfill, bg, port-path, tst, tst-nextgen, coeff, surface-imp]
         Architecture: Windows, ID: AMD64
         System Windows-64bit
         Using processor group 0/1
         Matrix calculation information:
         # of Nodes: 8
         Concurrency: 4
         Start ID: 7
         Node ID: 0
         HEX Mesh information:
         Hex mesh: node: [hxr o(0 | 0 | 0) s(30 | 29 | 31) np (no TSTs): 26970]
         Hex mesh: extended: [hxr o(0 | 0 | 0) s(32 | 31 | 33) np (no TSTs): 32736]
         ================================================================================

1xN000:  -----------------------------------------------------
         Memory status on node "1xN000" for matrix calculation
         	Estimated memory consumption: 0.0410062 GB
         	Physical memory installed: 16.8497 GB
         	Available physical memory: 8.24789 GB
         	Available relative memory: 48.9496 %
         -----------------------------------------------------

1xN000:  >>>>>>>>>>>>>>>>>>>>>>>>>>>>>>>>>>>>>>>>>>>>>>>>>
         Wed Wed Sep 24 17:38:09 2025
         started: calculating matrix coefficients per node
         >>>>>>>>>>>>>>>>>>>>>>>>>>>>>>>>>>>>>>>>>>>>>>>>>

1xN000:  ============================================================
         Matrix computation (PBA)
         	[Perfect Boundary Approximation (PBA), version: default]
         	[GPU acceleration: off (by user)]
         Version: 2024.1 Release from 2023-10-16 (change 1181985)
         PBA version 2023101624
         Sub-Workflow: FARM-1xN-TST2-Node
         Workflow updated: -
         Wed Wed Sep 24 17:38:09 2025
         ============================================================

1xN000:  ---------------------------------------------
         Used point accuracy enhancement value: 0.00%.
         ---------------------------------------------

1xN000:  -------------------------------------------------
         Geometry representation: compact
         Shared memory: none
         FARM allocation scheme: PA
         Parallelization: on, used

1xN000:  Gap-Detection activated for FARM-topology. Gaps are resolved, even partially.: gap tolerance value is 0.001000 and mesh geometry scale is 1.000000
1xN000:
1xN000:



1xN000:  ----------------------
         Acceleration mode: CPU
         ----------------------

1xN000:  Port homogenization method: M2H point index deviation
1xN000:  ccccccccccccccccccccccccccccccccccccccccccccccccccccccccccccccccccccc
         FARM/Meshfill cache is set to 8 (local FI domains: 8, dynamic: false)
         ccccccccccccccccccccccccccccccccccccccccccccccccccccccccccccccccccccc

1xN000:  =============================================================
         Hex cell analyzer settings:
         	max number of E fields per mesh edge: 2
         	max number of H fields per mesh face: 4
         	supporting dual grid: false
         	performance improvement: ROI limit: true
         	performance improvement: ROI threshold: 2
         	performance improvement: single topology extraction: true
         	performance improvement: pre-categorize cell volume: true
         	periodic align: 0
         	periodic cells: true
         	homogenization version: pid
         =============================================================

1xN000:  ----------------------
         TST Statistics:
         E Split (16 | 8 | 0)
         E Adapt (34 | 46 | 61)
         B Split (40 | 44 | 46)
         B Adapt (0 | 0 | 0)
         ----------------------

1xN000:  ------------------------------------------------------------------------------
         PBA fill limit is applied in inverse mode.
         PBA fill limit is applied on faces filled with at least 97.69% metal material.
         --------------------------------------------------------------
         detailed accuracy settings:
         --------------------------------------------------------------
         augmented fill limit:       true
         augmented fill limit value: 97.69
         automatic fill limit:       true
         early fill limit:           true
         inverse fill limit:         true
         model complexity:           0.00
         legacy 2015:                false
         fixed point accuracy:       false
         minimum point accuracy:     0
         mesh step inheritance:      false
         accuracy mode:
         ------------------------------------------------------------------------------

1xN000:  =================================
         Finished matrix computation (PBA)
         =================================

1xN000:  <<<<<<<<<<<<<<<<<<<<<<<<<<<<<<<<<<<<<<<<<<<<<<<<<<<<<<<<<<<<
         Wed Wed Sep 24 17:38:11 2025
         Resource usage for calculating matrix coefficients per node:
         	Runtime                          00:00:01.00498
         	Peak Memory Estimation:                   41 MB
         	Peak Memory Usage:                        29 MB
         <<<<<<<<<<<<<<<<<<<<<<<<<<<<<<<<<<<<<<<<<<<<<<<<<<<<<<<<<<<<



1xN001:  =============================================================
         [Boundaries] - MCalc
         open-add-space, mpi, mpi, open-add-space, open-add-space, mpi
         =============================================================

1xN001:  ========================================
         [Mesh] Matrix calculation - NO ACIS mode
         [Mesh] 1xN MPI or parallelization mode
         ========================================

1xN001:  ==============================
         [Mesh] Expansion: 0 2 -2 0 0 2
         ==============================

1xN001:  ==================================================
         [Mesh] world: o(0000,0000,0000) e(0059,0059,0072)
         [Mesh] l-1xN: o(0000,0027,0000) e(0030,0059,0031)
         [Mesh] e-1xN: o(0000,0025,0000) e(0032,0059,0033)
         [Mesh] g-MPI: not available
         [Mesh] bound offset: (0 | 2 | -2)
         ==================================================

1xN001:  ======================================================================================
          - hardware info
            + cpu name                    : 12th Gen Intel(R) Core(TM) i7-12700H
            + sockets                     : 1
            + cores per socket            : 6
            + hyperthreading              : on
            + ht-units                    : 2
            + efficiency cores            : 8, not used
            + max cpuid level             : 32
            + max cpuid ext. level        : 8
            + numa nodes                  : 1
            + internal cpu info           : CPUID: selected engine is 'Leaf 0xB detection'
         performance cores:
         apic ids           : 0, 1, 8, 9, 16, 17, 24, 25, 32, 33, 40, 41
         apic ids (fallback): 0, 1, 8, 9, 16, 17, 24, 25, 32, 33, 40, 41
         from cpu registers: 0, 1, 8, 9, 16, 17, 24, 25, 32, 33, 40, 41
         fallback: 0, 1, 8, 9, 16, 17, 24, 25, 32, 33, 40, 41
         combined: 0, 1, 8, 9, 16, 17, 24, 25, 32, 33, 40, 41
         core 0 type: Intel Core
         core 1 type: Intel Core
         core 2 type: Intel Core
         core 3 type: Intel Core
         core 4 type: Intel Core
         core 5 type: Intel Core
         core 6 type: Intel Core
         core 7 type: Intel Core
         core 8 type: Intel Core
         core 9 type: Intel Core
         core 10 type: Intel Core
         core 11 type: Intel Core
         max id per cpu: 128
         SMT mask: 1
         Core mask: 7e
         Package mask: ffffff80
         set results:
           - packages: 1
           - cores: 6
           - smts: 2
         generate core map, new implementation
         0, 1, 2, 3, 4, 5, 6, 7, 8, 9, 10, 11
         packages: 1
         cores   : 6
         ht units: 2
         efficiency cores:
         apic ids           : 48, 50, 52, 54, 56, 58, 60, 62
         apic ids (fallback): 48, 50, 52, 54, 56, 58, 60, 62
         from cpu registers: 48, 50, 52, 54, 56, 58, 60, 62
         fallback: 48, 50, 52, 54, 56, 58, 60, 62
         combined: 48, 50, 52, 54, 56, 58, 60, 62
         core 0 type: Intel Atom
         core 1 type: Intel Atom
         core 2 type: Intel Atom
         core 3 type: Intel Atom
         core 4 type: Intel Atom
         core 5 type: Intel Atom
         core 6 type: Intel Atom
         core 7 type: Intel Atom
         max id per cpu: 128
         SMT mask: 1
         Core mask: 7e
         Package mask: ffffff80
         set results:
           - packages: 1
           - cores: 8
           - smts: 1
         generate core map, new implementation
         0, 1, 2, 3, 4, 5, 6, 7
         packages: 1
         cores   : 8
         ht units: 1
          - pinning rule in use   : PINNING_RULE_MCALC_SKIP_ALL
          - desired group         : 0
          - num cores available   : 20
          - efficiency cores      : 8, not used
          - active core list from affinity:
            + num accessible procs          : 20
            + num logical procs             : 20
            + current affinity (env)        : 0,1,2,3,4,5,6,7,8,9,10,11,12,13,14,15,16,17,18,19
            + sockets ids in                : 0
            + core list                  (1): 0,1,2,3,4,5,6,7,8,9,10,11,12,13,14,15,16,17,18,19
          - active cores          : 0,1,2,3,4,5,6,7,8,9,10,11,12,13,14,15,16,17,18,19
          - hyperthreading        : on
          - skip pinning: + allowed number of sockets = available number of sockets
                          + hyperthreading allowed by solver
         ======================================================================================

1xN001:  ================================================================================
         Version: 2024.1 Release from 2023-10-16 (change 1181985) [Release]
         Workflow: PBA matrix coefficients
         Operation: [fpba, meshfill, bg, port-path, tst, tst-nextgen, coeff, surface-imp]
         Architecture: Windows, ID: AMD64
         System Windows-64bit
         Using processor group 0/1
         Matrix calculation information:
         # of Nodes: 8
         Concurrency: 4
         Start ID: 6
         Node ID: 1
         HEX Mesh information:
         Hex mesh: node: [hxr o(0 | 27 | 0) s(30 | 32 | 31) np (no TSTs): 29760]
         Hex mesh: extended: [hxr o(0 | 25 | 0) s(32 | 34 | 33) np (no TSTs): 35904]
         ================================================================================

1xN001:  -----------------------------------------------------
         Memory status on node "1xN001" for matrix calculation
         	Estimated memory consumption: 0.0410062 GB
         	Physical memory installed: 16.8497 GB
         	Available physical memory: 8.24789 GB
         	Available relative memory: 48.9496 %
         -----------------------------------------------------

1xN001:  >>>>>>>>>>>>>>>>>>>>>>>>>>>>>>>>>>>>>>>>>>>>>>>>>
         Wed Wed Sep 24 17:38:09 2025
         started: calculating matrix coefficients per node
         >>>>>>>>>>>>>>>>>>>>>>>>>>>>>>>>>>>>>>>>>>>>>>>>>

1xN001:  ============================================================
         Matrix computation (PBA)
         	[Perfect Boundary Approximation (PBA), version: default]
         	[GPU acceleration: off (by user)]
         Version: 2024.1 Release from 2023-10-16 (change 1181985)
         PBA version 2023101624
         Sub-Workflow: FARM-1xN-TST2-Node
         Workflow updated: -
         Wed Wed Sep 24 17:38:09 2025
         ============================================================

1xN001:  ---------------------------------------------
         Used point accuracy enhancement value: 0.00%.
         ---------------------------------------------

1xN001:  -------------------------------------------------
         Geometry representation: compact
         Shared memory: none
         FARM allocation scheme: PA
         Parallelization: on, used

1xN001:  Gap-Detection activated for FARM-topology. Gaps are resolved, even partially.: gap tolerance value is 0.001000 and mesh geometry scale is 1.000000
1xN001:
1xN001:



1xN001:  ----------------------
         Acceleration mode: CPU
         ----------------------

1xN001:  Port homogenization method: M2H point index deviation
1xN001:  ccccccccccccccccccccccccccccccccccccccccccccccccccccccccccccccccccccc
         FARM/Meshfill cache is set to 8 (local FI domains: 8, dynamic: false)
         ccccccccccccccccccccccccccccccccccccccccccccccccccccccccccccccccccccc

1xN001:  =============================================================
         Hex cell analyzer settings:
         	max number of E fields per mesh edge: 2
         	max number of H fields per mesh face: 4
         	supporting dual grid: false
         	performance improvement: ROI limit: true
         	performance improvement: ROI threshold: 2
         	performance improvement: single topology extraction: true
         	performance improvement: pre-categorize cell volume: true
         	periodic align: 0
         	periodic cells: true
         	homogenization version: pid
         =============================================================

1xN001:  ----------------------
         TST Statistics:
         E Split (24 | 8 | 0)
         E Adapt (44 | 58 | 79)
         B Split (48 | 62 | 62)
         B Adapt (0 | 0 | 0)
         ----------------------

1xN001:  ------------------------------------------------------------------------------
         PBA fill limit is applied in inverse mode.
         PBA fill limit is applied on faces filled with at least 97.69% metal material.
         --------------------------------------------------------------
         detailed accuracy settings:
         --------------------------------------------------------------
         augmented fill limit:       true
         augmented fill limit value: 97.69
         automatic fill limit:       true
         early fill limit:           true
         inverse fill limit:         true
         model complexity:           0.00
         legacy 2015:                false
         fixed point accuracy:       false
         minimum point accuracy:     0
         mesh step inheritance:      false
         accuracy mode:
         ------------------------------------------------------------------------------

1xN001:  =================================
         Finished matrix computation (PBA)
         =================================

1xN001:  <<<<<<<<<<<<<<<<<<<<<<<<<<<<<<<<<<<<<<<<<<<<<<<<<<<<<<<<<<<<
         Wed Wed Sep 24 17:38:11 2025
         Resource usage for calculating matrix coefficients per node:
         	Runtime                          00:00:01.00674
         	Peak Memory Estimation:                   41 MB
         	Peak Memory Usage:                        31 MB
         <<<<<<<<<<<<<<<<<<<<<<<<<<<<<<<<<<<<<<<<<<<<<<<<<<<<<<<<<<<<



1xN002:  =============================================================
         [Boundaries] - MCalc
         mpi, open-add-space, open-add-space, mpi, open-add-space, mpi
         =============================================================

1xN002:  ========================================
         [Mesh] Matrix calculation - NO ACIS mode
         [Mesh] 1xN MPI or parallelization mode
         ========================================

1xN002:  ==============================
         [Mesh] Expansion: -2 0 0 2 0 2
         ==============================

1xN002:  ==================================================
         [Mesh] world: o(0000,0000,0000) e(0059,0059,0072)
         [Mesh] l-1xN: o(0028,0000,0000) e(0059,0030,0031)
         [Mesh] e-1xN: o(0026,0000,0000) e(0059,0032,0033)
         [Mesh] g-MPI: not available
         [Mesh] bound offset: (-2 | 0 | 0)
         ==================================================

1xN002:  ======================================================================================
          - hardware info
            + cpu name                    : 12th Gen Intel(R) Core(TM) i7-12700H
            + sockets                     : 1
            + cores per socket            : 6
            + hyperthreading              : on
            + ht-units                    : 2
            + efficiency cores            : 8, not used
            + max cpuid level             : 32
            + max cpuid ext. level        : 8
            + numa nodes                  : 1
            + internal cpu info           : CPUID: selected engine is 'Leaf 0xB detection'
         performance cores:
         apic ids           : 0, 1, 8, 9, 16, 17, 24, 25, 32, 33, 40, 41
         apic ids (fallback): 0, 1, 8, 9, 16, 17, 24, 25, 32, 33, 40, 41
         from cpu registers: 0, 1, 8, 9, 16, 17, 24, 25, 32, 33, 40, 41
         fallback: 0, 1, 8, 9, 16, 17, 24, 25, 32, 33, 40, 41
         combined: 0, 1, 8, 9, 16, 17, 24, 25, 32, 33, 40, 41
         core 0 type: Intel Core
         core 1 type: Intel Core
         core 2 type: Intel Core
         core 3 type: Intel Core
         core 4 type: Intel Core
         core 5 type: Intel Core
         core 6 type: Intel Core
         core 7 type: Intel Core
         core 8 type: Intel Core
         core 9 type: Intel Core
         core 10 type: Intel Core
         core 11 type: Intel Core
         max id per cpu: 128
         SMT mask: 1
         Core mask: 7e
         Package mask: ffffff80
         set results:
           - packages: 1
           - cores: 6
           - smts: 2
         generate core map, new implementation
         0, 1, 2, 3, 4, 5, 6, 7, 8, 9, 10, 11
         packages: 1
         cores   : 6
         ht units: 2
         efficiency cores:
         apic ids           : 48, 50, 52, 54, 56, 58, 60, 62
         apic ids (fallback): 48, 50, 52, 54, 56, 58, 60, 62
         from cpu registers: 48, 50, 52, 54, 56, 58, 60, 62
         fallback: 48, 50, 52, 54, 56, 58, 60, 62
         combined: 48, 50, 52, 54, 56, 58, 60, 62
         core 0 type: Intel Atom
         core 1 type: Intel Atom
         core 2 type: Intel Atom
         core 3 type: Intel Atom
         core 4 type: Intel Atom
         core 5 type: Intel Atom
         core 6 type: Intel Atom
         core 7 type: Intel Atom
         max id per cpu: 128
         SMT mask: 1
         Core mask: 7e
         Package mask: ffffff80
         set results:
           - packages: 1
           - cores: 8
           - smts: 1
         generate core map, new implementation
         0, 1, 2, 3, 4, 5, 6, 7
         packages: 1
         cores   : 8
         ht units: 1
          - pinning rule in use   : PINNING_RULE_MCALC_SKIP_ALL
          - desired group         : 0
          - num cores available   : 20
          - efficiency cores      : 8, not used
          - active core list from affinity:
            + num accessible procs          : 20
            + num logical procs             : 20
            + current affinity (env)        : 0,1,2,3,4,5,6,7,8,9,10,11,12,13,14,15,16,17,18,19
            + sockets ids in                : 0
            + core list                  (1): 0,1,2,3,4,5,6,7,8,9,10,11,12,13,14,15,16,17,18,19
          - active cores          : 0,1,2,3,4,5,6,7,8,9,10,11,12,13,14,15,16,17,18,19
          - hyperthreading        : on
          - skip pinning: + allowed number of sockets = available number of sockets
                          + hyperthreading allowed by solver
         ======================================================================================

1xN002:  ================================================================================
         Version: 2024.1 Release from 2023-10-16 (change 1181985) [Release]
         Workflow: PBA matrix coefficients
         Operation: [fpba, meshfill, bg, port-path, tst, tst-nextgen, coeff, surface-imp]
         Architecture: Windows, ID: AMD64
         System Windows-64bit
         Using processor group 0/1
         Matrix calculation information:
         # of Nodes: 8
         Concurrency: 4
         Start ID: 5
         Node ID: 2
         HEX Mesh information:
         Hex mesh: node: [hxr o(28 | 0 | 0) s(31 | 30 | 31) np (no TSTs): 28830]
         Hex mesh: extended: [hxr o(26 | 0 | 0) s(33 | 32 | 33) np (no TSTs): 34848]
         ================================================================================

1xN002:  -----------------------------------------------------
         Memory status on node "1xN002" for matrix calculation
         	Estimated memory consumption: 0.0410062 GB
         	Physical memory installed: 16.8497 GB
         	Available physical memory: 8.24789 GB
         	Available relative memory: 48.9496 %
         -----------------------------------------------------

1xN002:  >>>>>>>>>>>>>>>>>>>>>>>>>>>>>>>>>>>>>>>>>>>>>>>>>
         Wed Wed Sep 24 17:38:09 2025
         started: calculating matrix coefficients per node
         >>>>>>>>>>>>>>>>>>>>>>>>>>>>>>>>>>>>>>>>>>>>>>>>>

1xN002:  ============================================================
         Matrix computation (PBA)
         	[Perfect Boundary Approximation (PBA), version: default]
         	[GPU acceleration: off (by user)]
         Version: 2024.1 Release from 2023-10-16 (change 1181985)
         PBA version 2023101624
         Sub-Workflow: FARM-1xN-TST2-Node
         Workflow updated: -
         Wed Wed Sep 24 17:38:09 2025
         ============================================================

1xN002:  ---------------------------------------------
         Used point accuracy enhancement value: 0.00%.
         ---------------------------------------------

1xN002:  -------------------------------------------------
         Geometry representation: compact
         Shared memory: none
         FARM allocation scheme: PA
         Parallelization: on, used

1xN002:  Gap-Detection activated for FARM-topology. Gaps are resolved, even partially.: gap tolerance value is 0.001000 and mesh geometry scale is 1.000000
1xN002:
1xN002:



1xN002:  ----------------------
         Acceleration mode: CPU
         ----------------------

1xN002:  Port homogenization method: M2H point index deviation
1xN002:  ccccccccccccccccccccccccccccccccccccccccccccccccccccccccccccccccccccc
         FARM/Meshfill cache is set to 8 (local FI domains: 8, dynamic: false)
         ccccccccccccccccccccccccccccccccccccccccccccccccccccccccccccccccccccc

1xN002:  =============================================================
         Hex cell analyzer settings:
         	max number of E fields per mesh edge: 2
         	max number of H fields per mesh face: 4
         	supporting dual grid: false
         	performance improvement: ROI limit: true
         	performance improvement: ROI threshold: 2
         	performance improvement: single topology extraction: true
         	performance improvement: pre-categorize cell volume: true
         	periodic align: 0
         	periodic cells: true
         	homogenization version: pid
         =============================================================

1xN002:  ----------------------
         TST Statistics:
         E Split (18 | 12 | 0)
         E Adapt (37 | 56 | 73)
         B Split (52 | 49 | 54)
         B Adapt (0 | 0 | 0)
         ----------------------

1xN002:  ------------------------------------------------------------------------------
         PBA fill limit is applied in inverse mode.
         PBA fill limit is applied on faces filled with at least 97.69% metal material.
         --------------------------------------------------------------
         detailed accuracy settings:
         --------------------------------------------------------------
         augmented fill limit:       true
         augmented fill limit value: 97.69
         automatic fill limit:       true
         early fill limit:           true
         inverse fill limit:         true
         model complexity:           0.00
         legacy 2015:                false
         fixed point accuracy:       false
         minimum point accuracy:     0
         mesh step inheritance:      false
         accuracy mode:
         ------------------------------------------------------------------------------

1xN002:  =================================
         Finished matrix computation (PBA)
         =================================

1xN002:  <<<<<<<<<<<<<<<<<<<<<<<<<<<<<<<<<<<<<<<<<<<<<<<<<<<<<<<<<<<<
         Wed Wed Sep 24 17:38:11 2025
         Resource usage for calculating matrix coefficients per node:
         	Runtime                          00:00:01.00617
         	Peak Memory Estimation:                   41 MB
         	Peak Memory Usage:                        30 MB
         <<<<<<<<<<<<<<<<<<<<<<<<<<<<<<<<<<<<<<<<<<<<<<<<<<<<<<<<<<<<



1xN003:  =============================================================
         [Boundaries] - MCalc
         mpi, open-add-space, mpi, open-add-space, open-add-space, mpi
         =============================================================

1xN003:  ========================================
         [Mesh] Matrix calculation - NO ACIS mode
         [Mesh] 1xN MPI or parallelization mode
         ========================================

1xN003:  ===============================
         [Mesh] Expansion: -2 0 -2 0 0 2
         ===============================

1xN003:  ==================================================
         [Mesh] world: o(0000,0000,0000) e(0059,0059,0072)
         [Mesh] l-1xN: o(0028,0028,0000) e(0059,0059,0031)
         [Mesh] e-1xN: o(0026,0026,0000) e(0059,0059,0033)
         [Mesh] g-MPI: not available
         [Mesh] bound offset: (-2 | 0 | -2)
         ==================================================

1xN003:  ======================================================================================
          - hardware info
            + cpu name                    : 12th Gen Intel(R) Core(TM) i7-12700H
            + sockets                     : 1
            + cores per socket            : 6
            + hyperthreading              : on
            + ht-units                    : 2
            + efficiency cores            : 8, not used
            + max cpuid level             : 32
            + max cpuid ext. level        : 8
            + numa nodes                  : 1
            + internal cpu info           : CPUID: selected engine is 'Leaf 0xB detection'
         performance cores:
         apic ids           : 0, 1, 8, 9, 16, 17, 24, 25, 32, 33, 40, 41
         apic ids (fallback): 0, 1, 8, 9, 16, 17, 24, 25, 32, 33, 40, 41
         from cpu registers: 0, 1, 8, 9, 16, 17, 24, 25, 32, 33, 40, 41
         fallback: 0, 1, 8, 9, 16, 17, 24, 25, 32, 33, 40, 41
         combined: 0, 1, 8, 9, 16, 17, 24, 25, 32, 33, 40, 41
         core 0 type: Intel Core
         core 1 type: Intel Core
         core 2 type: Intel Core
         core 3 type: Intel Core
         core 4 type: Intel Core
         core 5 type: Intel Core
         core 6 type: Intel Core
         core 7 type: Intel Core
         core 8 type: Intel Core
         core 9 type: Intel Core
         core 10 type: Intel Core
         core 11 type: Intel Core
         max id per cpu: 128
         SMT mask: 1
         Core mask: 7e
         Package mask: ffffff80
         set results:
           - packages: 1
           - cores: 6
           - smts: 2
         generate core map, new implementation
         0, 1, 2, 3, 4, 5, 6, 7, 8, 9, 10, 11
         packages: 1
         cores   : 6
         ht units: 2
         efficiency cores:
         apic ids           : 48, 50, 52, 54, 56, 58, 60, 62
         apic ids (fallback): 48, 50, 52, 54, 56, 58, 60, 62
         from cpu registers: 48, 50, 52, 54, 56, 58, 60, 62
         fallback: 48, 50, 52, 54, 56, 58, 60, 62
         combined: 48, 50, 52, 54, 56, 58, 60, 62
         core 0 type: Intel Atom
         core 1 type: Intel Atom
         core 2 type: Intel Atom
         core 3 type: Intel Atom
         core 4 type: Intel Atom
         core 5 type: Intel Atom
         core 6 type: Intel Atom
         core 7 type: Intel Atom
         max id per cpu: 128
         SMT mask: 1
         Core mask: 7e
         Package mask: ffffff80
         set results:
           - packages: 1
           - cores: 8
           - smts: 1
         generate core map, new implementation
         0, 1, 2, 3, 4, 5, 6, 7
         packages: 1
         cores   : 8
         ht units: 1
          - pinning rule in use   : PINNING_RULE_MCALC_SKIP_ALL
          - desired group         : 0
          - num cores available   : 20
          - efficiency cores      : 8, not used
          - active core list from affinity:
            + num accessible procs          : 20
            + num logical procs             : 20
            + current affinity (env)        : 0,1,2,3,4,5,6,7,8,9,10,11,12,13,14,15,16,17,18,19
            + sockets ids in                : 0
            + core list                  (1): 0,1,2,3,4,5,6,7,8,9,10,11,12,13,14,15,16,17,18,19
          - active cores          : 0,1,2,3,4,5,6,7,8,9,10,11,12,13,14,15,16,17,18,19
          - hyperthreading        : on
          - skip pinning: + allowed number of sockets = available number of sockets
                          + hyperthreading allowed by solver
         ======================================================================================

1xN003:  ================================================================================
         Version: 2024.1 Release from 2023-10-16 (change 1181985) [Release]
         Workflow: PBA matrix coefficients
         Operation: [fpba, meshfill, bg, port-path, tst, tst-nextgen, coeff, surface-imp]
         Architecture: Windows, ID: AMD64
         System Windows-64bit
         Using processor group 0/1
         Matrix calculation information:
         # of Nodes: 8
         Concurrency: 4
         Start ID: 4
         Node ID: 3
         HEX Mesh information:
         Hex mesh: node: [hxr o(28 | 28 | 0) s(31 | 31 | 31) np (no TSTs): 29791]
         Hex mesh: extended: [hxr o(26 | 26 | 0) s(33 | 33 | 33) np (no TSTs): 35937]
         ================================================================================

1xN003:  -----------------------------------------------------
         Memory status on node "1xN003" for matrix calculation
         	Estimated memory consumption: 0.0410062 GB
         	Physical memory installed: 16.8497 GB
         	Available physical memory: 8.2495 GB
         	Available relative memory: 48.9592 %
         -----------------------------------------------------

1xN003:  >>>>>>>>>>>>>>>>>>>>>>>>>>>>>>>>>>>>>>>>>>>>>>>>>
         Wed Wed Sep 24 17:38:09 2025
         started: calculating matrix coefficients per node
         >>>>>>>>>>>>>>>>>>>>>>>>>>>>>>>>>>>>>>>>>>>>>>>>>

1xN003:  ============================================================
         Matrix computation (PBA)
         	[Perfect Boundary Approximation (PBA), version: default]
         	[GPU acceleration: off (by user)]
         Version: 2024.1 Release from 2023-10-16 (change 1181985)
         PBA version 2023101624
         Sub-Workflow: FARM-1xN-TST2-Node
         Workflow updated: -
         Wed Wed Sep 24 17:38:09 2025
         ============================================================

1xN003:  ---------------------------------------------
         Used point accuracy enhancement value: 0.00%.
         ---------------------------------------------

1xN003:  -------------------------------------------------
         Geometry representation: compact
         Shared memory: none
         FARM allocation scheme: PA
         Parallelization: on, used

1xN003:  Gap-Detection activated for FARM-topology. Gaps are resolved, even partially.: gap tolerance value is 0.001000 and mesh geometry scale is 1.000000
1xN003:
1xN003:



1xN003:  ----------------------
         Acceleration mode: CPU
         ----------------------

1xN003:  Port homogenization method: M2H point index deviation
1xN003:  ccccccccccccccccccccccccccccccccccccccccccccccccccccccccccccccccccccc
         FARM/Meshfill cache is set to 8 (local FI domains: 8, dynamic: false)
         ccccccccccccccccccccccccccccccccccccccccccccccccccccccccccccccccccccc

1xN003:  =============================================================
         Hex cell analyzer settings:
         	max number of E fields per mesh edge: 2
         	max number of H fields per mesh face: 4
         	supporting dual grid: false
         	performance improvement: ROI limit: true
         	performance improvement: ROI threshold: 2
         	performance improvement: single topology extraction: true
         	performance improvement: pre-categorize cell volume: true
         	periodic align: 0
         	periodic cells: true
         	homogenization version: pid
         =============================================================

1xN003:  ----------------------
         TST Statistics:
         E Split (26 | 12 | 0)
         E Adapt (45 | 64 | 89)
         B Split (58 | 67 | 62)
         B Adapt (0 | 0 | 0)
         ----------------------

1xN003:  ------------------------------------------------------------------------------
         PBA fill limit is applied in inverse mode.
         PBA fill limit is applied on faces filled with at least 97.69% metal material.
         --------------------------------------------------------------
         detailed accuracy settings:
         --------------------------------------------------------------
         augmented fill limit:       true
         augmented fill limit value: 97.69
         automatic fill limit:       true
         early fill limit:           true
         inverse fill limit:         true
         model complexity:           0.00
         legacy 2015:                false
         fixed point accuracy:       false
         minimum point accuracy:     0
         mesh step inheritance:      false
         accuracy mode:
         ------------------------------------------------------------------------------

1xN003:  =================================
         Finished matrix computation (PBA)
         =================================

1xN003:  <<<<<<<<<<<<<<<<<<<<<<<<<<<<<<<<<<<<<<<<<<<<<<<<<<<<<<<<<<<<
         Wed Wed Sep 24 17:38:10 2025
         Resource usage for calculating matrix coefficients per node:
         	Runtime                          00:00:01.00529
         	Peak Memory Estimation:                   41 MB
         	Peak Memory Usage:                        31 MB
         <<<<<<<<<<<<<<<<<<<<<<<<<<<<<<<<<<<<<<<<<<<<<<<<<<<<<<<<<<<<



1xN004:  =============================================================
         [Boundaries] - MCalc
         open-add-space, mpi, open-add-space, mpi, mpi, open-add-space
         =============================================================

1xN004:  ========================================
         [Mesh] Matrix calculation - NO ACIS mode
         [Mesh] 1xN MPI or parallelization mode
         ========================================

1xN004:  ==============================
         [Mesh] Expansion: 0 2 0 2 -2 0
         ==============================

1xN004:  ==================================================
         [Mesh] world: o(0000,0000,0000) e(0059,0059,0072)
         [Mesh] l-1xN: o(0000,0000,0029) e(0030,0029,0072)
         [Mesh] e-1xN: o(0000,0000,0027) e(0032,0031,0072)
         [Mesh] g-MPI: not available
         [Mesh] bound offset: (0 | 2 | 0)
         ==================================================

1xN004:  ======================================================================================
          - hardware info
            + cpu name                    : 12th Gen Intel(R) Core(TM) i7-12700H
            + sockets                     : 1
            + cores per socket            : 6
            + hyperthreading              : on
            + ht-units                    : 2
            + efficiency cores            : 8, not used
            + max cpuid level             : 32
            + max cpuid ext. level        : 8
            + numa nodes                  : 1
            + internal cpu info           : CPUID: selected engine is 'Leaf 0xB detection'
         performance cores:
         apic ids           : 0, 1, 8, 9, 16, 17, 24, 25, 32, 33, 40, 41
         apic ids (fallback): 0, 1, 8, 9, 16, 17, 24, 25, 32, 33, 40, 41
         from cpu registers: 0, 1, 8, 9, 16, 17, 24, 25, 32, 33, 40, 41
         fallback: 0, 1, 8, 9, 16, 17, 24, 25, 32, 33, 40, 41
         combined: 0, 1, 8, 9, 16, 17, 24, 25, 32, 33, 40, 41
         core 0 type: Intel Core
         core 1 type: Intel Core
         core 2 type: Intel Core
         core 3 type: Intel Core
         core 4 type: Intel Core
         core 5 type: Intel Core
         core 6 type: Intel Core
         core 7 type: Intel Core
         core 8 type: Intel Core
         core 9 type: Intel Core
         core 10 type: Intel Core
         core 11 type: Intel Core
         max id per cpu: 128
         SMT mask: 1
         Core mask: 7e
         Package mask: ffffff80
         set results:
           - packages: 1
           - cores: 6
           - smts: 2
         generate core map, new implementation
         0, 1, 2, 3, 4, 5, 6, 7, 8, 9, 10, 11
         packages: 1
         cores   : 6
         ht units: 2
         efficiency cores:
         apic ids           : 48, 50, 52, 54, 56, 58, 60, 62
         apic ids (fallback): 48, 50, 52, 54, 56, 58, 60, 62
         from cpu registers: 48, 50, 52, 54, 56, 58, 60, 62
         fallback: 48, 50, 52, 54, 56, 58, 60, 62
         combined: 48, 50, 52, 54, 56, 58, 60, 62
         core 0 type: Intel Atom
         core 1 type: Intel Atom
         core 2 type: Intel Atom
         core 3 type: Intel Atom
         core 4 type: Intel Atom
         core 5 type: Intel Atom
         core 6 type: Intel Atom
         core 7 type: Intel Atom
         max id per cpu: 128
         SMT mask: 1
         Core mask: 7e
         Package mask: ffffff80
         set results:
           - packages: 1
           - cores: 8
           - smts: 1
         generate core map, new implementation
         0, 1, 2, 3, 4, 5, 6, 7
         packages: 1
         cores   : 8
         ht units: 1
          - pinning rule in use   : PINNING_RULE_MCALC_SKIP_ALL
          - desired group         : 0
          - num cores available   : 20
          - efficiency cores      : 8, not used
          - active core list from affinity:
            + num accessible procs          : 20
            + num logical procs             : 20
            + current affinity (env)        : 0,1,2,3,4,5,6,7,8,9,10,11,12,13,14,15,16,17,18,19
            + sockets ids in                : 0
            + core list                  (1): 0,1,2,3,4,5,6,7,8,9,10,11,12,13,14,15,16,17,18,19
          - active cores          : 0,1,2,3,4,5,6,7,8,9,10,11,12,13,14,15,16,17,18,19
          - hyperthreading        : on
          - skip pinning: + allowed number of sockets = available number of sockets
                          + hyperthreading allowed by solver
         ======================================================================================

1xN004:  ================================================================================
         Version: 2024.1 Release from 2023-10-16 (change 1181985) [Release]
         Workflow: PBA matrix coefficients
         Operation: [fpba, meshfill, bg, port-path, tst, tst-nextgen, coeff, surface-imp]
         Architecture: Windows, ID: AMD64
         System Windows-64bit
         Using processor group 0/1
         Matrix calculation information:
         # of Nodes: 8
         Concurrency: 4
         Start ID: 3
         Node ID: 4
         HEX Mesh information:
         Hex mesh: node: [hxr o(0 | 0 | 29) s(30 | 29 | 43) np (no TSTs): 37410]
         Hex mesh: extended: [hxr o(0 | 0 | 27) s(32 | 31 | 45) np (no TSTs): 44640]
         ================================================================================

1xN004:  -----------------------------------------------------
         Memory status on node "1xN004" for matrix calculation
         	Estimated memory consumption: 0.0410124 GB
         	Physical memory installed: 16.8497 GB
         	Available physical memory: 8.29012 GB
         	Available relative memory: 49.2003 %
         -----------------------------------------------------

1xN004:  >>>>>>>>>>>>>>>>>>>>>>>>>>>>>>>>>>>>>>>>>>>>>>>>>
         Wed Wed Sep 24 17:38:06 2025
         started: calculating matrix coefficients per node
         >>>>>>>>>>>>>>>>>>>>>>>>>>>>>>>>>>>>>>>>>>>>>>>>>

1xN004:  ============================================================
         Matrix computation (PBA)
         	[Perfect Boundary Approximation (PBA), version: default]
         	[GPU acceleration: off (by user)]
         Version: 2024.1 Release from 2023-10-16 (change 1181985)
         PBA version 2023101624
         Sub-Workflow: FARM-1xN-TST2-Node
         Workflow updated: -
         Wed Wed Sep 24 17:38:06 2025
         ============================================================

1xN004:  ---------------------------------------------
         Used point accuracy enhancement value: 0.00%.
         ---------------------------------------------

1xN004:  -------------------------------------------------
         Geometry representation: compact
         Shared memory: none
         FARM allocation scheme: PA
         Parallelization: on, used

1xN004:  Gap-Detection activated for FARM-topology. Gaps are resolved, even partially.: gap tolerance value is 0.001000 and mesh geometry scale is 1.000000
1xN004:
1xN004:



1xN004:  ----------------------
         Acceleration mode: CPU
         ----------------------

1xN004:  Port homogenization method: M2H point index deviation
1xN004:  ccccccccccccccccccccccccccccccccccccccccccccccccccccccccccccccccccccc
         FARM/Meshfill cache is set to 8 (local FI domains: 8, dynamic: false)
         ccccccccccccccccccccccccccccccccccccccccccccccccccccccccccccccccccccc

1xN004:  =============================================================
         Hex cell analyzer settings:
         	max number of E fields per mesh edge: 2
         	max number of H fields per mesh face: 4
         	supporting dual grid: false
         	performance improvement: ROI limit: true
         	performance improvement: ROI threshold: 2
         	performance improvement: single topology extraction: true
         	performance improvement: pre-categorize cell volume: true
         	periodic align: 0
         	periodic cells: true
         	homogenization version: pid
         =============================================================

1xN004:  ----------------------
         TST Statistics:
         E Split (24 | 12 | 0)
         E Adapt (51 | 69 | 91)
         B Split (60 | 66 | 69)
         B Adapt (0 | 0 | 0)
         ----------------------

1xN004:  ------------------------------------------------------------------------------
         PBA fill limit is applied in inverse mode.
         PBA fill limit is applied on faces filled with at least 97.69% metal material.
         --------------------------------------------------------------
         detailed accuracy settings:
         --------------------------------------------------------------
         augmented fill limit:       true
         augmented fill limit value: 97.69
         automatic fill limit:       true
         early fill limit:           true
         inverse fill limit:         true
         model complexity:           0.00
         legacy 2015:                false
         fixed point accuracy:       false
         minimum point accuracy:     0
         mesh step inheritance:      false
         accuracy mode:
         ------------------------------------------------------------------------------

1xN004:  =================================
         Finished matrix computation (PBA)
         =================================

1xN004:  <<<<<<<<<<<<<<<<<<<<<<<<<<<<<<<<<<<<<<<<<<<<<<<<<<<<<<<<<<<<
         Wed Wed Sep 24 17:38:08 2025
         Resource usage for calculating matrix coefficients per node:
         	Runtime                          00:00:02.00087
         	Peak Memory Estimation:                   41 MB
         	Peak Memory Usage:                        38 MB
         <<<<<<<<<<<<<<<<<<<<<<<<<<<<<<<<<<<<<<<<<<<<<<<<<<<<<<<<<<<<



1xN005:  =============================================================
         [Boundaries] - MCalc
         open-add-space, mpi, mpi, open-add-space, mpi, open-add-space
         =============================================================

1xN005:  ========================================
         [Mesh] Matrix calculation - NO ACIS mode
         [Mesh] 1xN MPI or parallelization mode
         ========================================

1xN005:  ===============================
         [Mesh] Expansion: 0 2 -2 0 -2 0
         ===============================

1xN005:  ==================================================
         [Mesh] world: o(0000,0000,0000) e(0059,0059,0072)
         [Mesh] l-1xN: o(0000,0027,0029) e(0030,0059,0072)
         [Mesh] e-1xN: o(0000,0025,0027) e(0032,0059,0072)
         [Mesh] g-MPI: not available
         [Mesh] bound offset: (0 | 2 | -2)
         ==================================================

1xN005:  ======================================================================================
          - hardware info
            + cpu name                    : 12th Gen Intel(R) Core(TM) i7-12700H
            + sockets                     : 1
            + cores per socket            : 6
            + hyperthreading              : on
            + ht-units                    : 2
            + efficiency cores            : 8, not used
            + max cpuid level             : 32
            + max cpuid ext. level        : 8
            + numa nodes                  : 1
            + internal cpu info           : CPUID: selected engine is 'Leaf 0xB detection'
         performance cores:
         apic ids           : 0, 1, 8, 9, 16, 17, 24, 25, 32, 33, 40, 41
         apic ids (fallback): 0, 1, 8, 9, 16, 17, 24, 25, 32, 33, 40, 41
         from cpu registers: 0, 1, 8, 9, 16, 17, 24, 25, 32, 33, 40, 41
         fallback: 0, 1, 8, 9, 16, 17, 24, 25, 32, 33, 40, 41
         combined: 0, 1, 8, 9, 16, 17, 24, 25, 32, 33, 40, 41
         core 0 type: Intel Core
         core 1 type: Intel Core
         core 2 type: Intel Core
         core 3 type: Intel Core
         core 4 type: Intel Core
         core 5 type: Intel Core
         core 6 type: Intel Core
         core 7 type: Intel Core
         core 8 type: Intel Core
         core 9 type: Intel Core
         core 10 type: Intel Core
         core 11 type: Intel Core
         max id per cpu: 128
         SMT mask: 1
         Core mask: 7e
         Package mask: ffffff80
         set results:
           - packages: 1
           - cores: 6
           - smts: 2
         generate core map, new implementation
         0, 1, 2, 3, 4, 5, 6, 7, 8, 9, 10, 11
         packages: 1
         cores   : 6
         ht units: 2
         efficiency cores:
         apic ids           : 48, 50, 52, 54, 56, 58, 60, 62
         apic ids (fallback): 48, 50, 52, 54, 56, 58, 60, 62
         from cpu registers: 48, 50, 52, 54, 56, 58, 60, 62
         fallback: 48, 50, 52, 54, 56, 58, 60, 62
         combined: 48, 50, 52, 54, 56, 58, 60, 62
         core 0 type: Intel Atom
         core 1 type: Intel Atom
         core 2 type: Intel Atom
         core 3 type: Intel Atom
         core 4 type: Intel Atom
         core 5 type: Intel Atom
         core 6 type: Intel Atom
         core 7 type: Intel Atom
         max id per cpu: 128
         SMT mask: 1
         Core mask: 7e
         Package mask: ffffff80
         set results:
           - packages: 1
           - cores: 8
           - smts: 1
         generate core map, new implementation
         0, 1, 2, 3, 4, 5, 6, 7
         packages: 1
         cores   : 8
         ht units: 1
          - pinning rule in use   : PINNING_RULE_MCALC_SKIP_ALL
          - desired group         : 0
          - num cores available   : 20
          - efficiency cores      : 8, not used
          - active core list from affinity:
            + num accessible procs          : 20
            + num logical procs             : 20
            + current affinity (env)        : 0,1,2,3,4,5,6,7,8,9,10,11,12,13,14,15,16,17,18,19
            + sockets ids in                : 0
            + core list                  (1): 0,1,2,3,4,5,6,7,8,9,10,11,12,13,14,15,16,17,18,19
          - active cores          : 0,1,2,3,4,5,6,7,8,9,10,11,12,13,14,15,16,17,18,19
          - hyperthreading        : on
          - skip pinning: + allowed number of sockets = available number of sockets
                          + hyperthreading allowed by solver
         ======================================================================================

1xN005:  ================================================================================
         Version: 2024.1 Release from 2023-10-16 (change 1181985) [Release]
         Workflow: PBA matrix coefficients
         Operation: [fpba, meshfill, bg, port-path, tst, tst-nextgen, coeff, surface-imp]
         Architecture: Windows, ID: AMD64
         System Windows-64bit
         Using processor group 0/1
         Matrix calculation information:
         # of Nodes: 8
         Concurrency: 4
         Start ID: 1
         Node ID: 5
         HEX Mesh information:
         Hex mesh: node: [hxr o(0 | 27 | 29) s(30 | 32 | 43) np (no TSTs): 41280]
         Hex mesh: extended: [hxr o(0 | 25 | 27) s(32 | 34 | 45) np (no TSTs): 48960]
         ================================================================================

1xN005:  -----------------------------------------------------
         Memory status on node "1xN005" for matrix calculation
         	Estimated memory consumption: 0.0410124 GB
         	Physical memory installed: 16.8497 GB
         	Available physical memory: 8.28998 GB
         	Available relative memory: 49.1995 %
         -----------------------------------------------------

1xN005:  >>>>>>>>>>>>>>>>>>>>>>>>>>>>>>>>>>>>>>>>>>>>>>>>>
         Wed Wed Sep 24 17:38:06 2025
         started: calculating matrix coefficients per node
         >>>>>>>>>>>>>>>>>>>>>>>>>>>>>>>>>>>>>>>>>>>>>>>>>

1xN005:  ============================================================
         Matrix computation (PBA)
         	[Perfect Boundary Approximation (PBA), version: default]
         	[GPU acceleration: off (by user)]
         Version: 2024.1 Release from 2023-10-16 (change 1181985)
         PBA version 2023101624
         Sub-Workflow: FARM-1xN-TST2-Node
         Workflow updated: -
         Wed Wed Sep 24 17:38:06 2025
         ============================================================

1xN005:  ---------------------------------------------
         Used point accuracy enhancement value: 0.00%.
         ---------------------------------------------

1xN005:  -------------------------------------------------
         Geometry representation: compact
         Shared memory: none
         FARM allocation scheme: PA
         Parallelization: on, used

1xN005:  Gap-Detection activated for FARM-topology. Gaps are resolved, even partially.: gap tolerance value is 0.001000 and mesh geometry scale is 1.000000
1xN005:
1xN005:



1xN005:  ----------------------
         Acceleration mode: CPU
         ----------------------

1xN005:  Port homogenization method: M2H point index deviation
1xN005:  ccccccccccccccccccccccccccccccccccccccccccccccccccccccccccccccccccccc
         FARM/Meshfill cache is set to 8 (local FI domains: 8, dynamic: false)
         ccccccccccccccccccccccccccccccccccccccccccccccccccccccccccccccccccccc

1xN005:  =============================================================
         Hex cell analyzer settings:
         	max number of E fields per mesh edge: 2
         	max number of H fields per mesh face: 4
         	supporting dual grid: false
         	performance improvement: ROI limit: true
         	performance improvement: ROI threshold: 2
         	performance improvement: single topology extraction: true
         	performance improvement: pre-categorize cell volume: true
         	periodic align: 0
         	periodic cells: true
         	homogenization version: pid
         =============================================================

1xN005:  -----------------------
         TST Statistics:
         E Split (36 | 12 | 0)
         E Adapt (66 | 87 | 119)
         B Split (72 | 93 | 93)
         B Adapt (0 | 0 | 0)
         -----------------------

1xN005:  ------------------------------------------------------------------------------
         PBA fill limit is applied in inverse mode.
         PBA fill limit is applied on faces filled with at least 97.69% metal material.
         --------------------------------------------------------------
         detailed accuracy settings:
         --------------------------------------------------------------
         augmented fill limit:       true
         augmented fill limit value: 97.69
         automatic fill limit:       true
         early fill limit:           true
         inverse fill limit:         true
         model complexity:           0.00
         legacy 2015:                false
         fixed point accuracy:       false
         minimum point accuracy:     0
         mesh step inheritance:      false
         accuracy mode:
         ------------------------------------------------------------------------------

1xN005:  discrete edge port "1" is connected to metal material.
1xN005:  ----------------------------------------------------------------
         The following discrete edge port is connected to metal material:
         	1
         ----------------------------------------------------------------

1xN005:  =================================
         Finished matrix computation (PBA)
         =================================

1xN005:  <<<<<<<<<<<<<<<<<<<<<<<<<<<<<<<<<<<<<<<<<<<<<<<<<<<<<<<<<<<<
         Wed Wed Sep 24 17:38:09 2025
         Resource usage for calculating matrix coefficients per node:
         	Runtime                          00:00:02.00342
         	Peak Memory Estimation:                   41 MB
         	Peak Memory Usage:                        40 MB
         <<<<<<<<<<<<<<<<<<<<<<<<<<<<<<<<<<<<<<<<<<<<<<<<<<<<<<<<<<<<



1xN006:  =============================================================
         [Boundaries] - MCalc
         mpi, open-add-space, open-add-space, mpi, mpi, open-add-space
         =============================================================

1xN006:  ========================================
         [Mesh] Matrix calculation - NO ACIS mode
         [Mesh] 1xN MPI or parallelization mode
         ========================================

1xN006:  ===============================
         [Mesh] Expansion: -2 0 0 2 -2 0
         ===============================

1xN006:  ==================================================
         [Mesh] world: o(0000,0000,0000) e(0059,0059,0072)
         [Mesh] l-1xN: o(0028,0000,0029) e(0059,0030,0072)
         [Mesh] e-1xN: o(0026,0000,0027) e(0059,0032,0072)
         [Mesh] g-MPI: not available
         [Mesh] bound offset: (-2 | 0 | 0)
         ==================================================

1xN006:  ======================================================================================
          - hardware info
            + cpu name                    : 12th Gen Intel(R) Core(TM) i7-12700H
            + sockets                     : 1
            + cores per socket            : 6
            + hyperthreading              : on
            + ht-units                    : 2
            + efficiency cores            : 8, not used
            + max cpuid level             : 32
            + max cpuid ext. level        : 8
            + numa nodes                  : 1
            + internal cpu info           : CPUID: selected engine is 'Leaf 0xB detection'
         performance cores:
         apic ids           : 0, 1, 8, 9, 16, 17, 24, 25, 32, 33, 40, 41
         apic ids (fallback): 0, 1, 8, 9, 16, 17, 24, 25, 32, 33, 40, 41
         from cpu registers: 0, 1, 8, 9, 16, 17, 24, 25, 32, 33, 40, 41
         fallback: 0, 1, 8, 9, 16, 17, 24, 25, 32, 33, 40, 41
         combined: 0, 1, 8, 9, 16, 17, 24, 25, 32, 33, 40, 41
         core 0 type: Intel Core
         core 1 type: Intel Core
         core 2 type: Intel Core
         core 3 type: Intel Core
         core 4 type: Intel Core
         core 5 type: Intel Core
         core 6 type: Intel Core
         core 7 type: Intel Core
         core 8 type: Intel Core
         core 9 type: Intel Core
         core 10 type: Intel Core
         core 11 type: Intel Core
         max id per cpu: 128
         SMT mask: 1
         Core mask: 7e
         Package mask: ffffff80
         set results:
           - packages: 1
           - cores: 6
           - smts: 2
         generate core map, new implementation
         0, 1, 2, 3, 4, 5, 6, 7, 8, 9, 10, 11
         packages: 1
         cores   : 6
         ht units: 2
         efficiency cores:
         apic ids           : 48, 50, 52, 54, 56, 58, 60, 62
         apic ids (fallback): 48, 50, 52, 54, 56, 58, 60, 62
         from cpu registers: 48, 50, 52, 54, 56, 58, 60, 62
         fallback: 48, 50, 52, 54, 56, 58, 60, 62
         combined: 48, 50, 52, 54, 56, 58, 60, 62
         core 0 type: Intel Atom
         core 1 type: Intel Atom
         core 2 type: Intel Atom
         core 3 type: Intel Atom
         core 4 type: Intel Atom
         core 5 type: Intel Atom
         core 6 type: Intel Atom
         core 7 type: Intel Atom
         max id per cpu: 128
         SMT mask: 1
         Core mask: 7e
         Package mask: ffffff80
         set results:
           - packages: 1
           - cores: 8
           - smts: 1
         generate core map, new implementation
         0, 1, 2, 3, 4, 5, 6, 7
         packages: 1
         cores   : 8
         ht units: 1
          - pinning rule in use   : PINNING_RULE_MCALC_SKIP_ALL
          - desired group         : 0
          - num cores available   : 20
          - efficiency cores      : 8, not used
          - active core list from affinity:
            + num accessible procs          : 20
            + num logical procs             : 20
            + current affinity (env)        : 0,1,2,3,4,5,6,7,8,9,10,11,12,13,14,15,16,17,18,19
            + sockets ids in                : 0
            + core list                  (1): 0,1,2,3,4,5,6,7,8,9,10,11,12,13,14,15,16,17,18,19
          - active cores          : 0,1,2,3,4,5,6,7,8,9,10,11,12,13,14,15,16,17,18,19
          - hyperthreading        : on
          - skip pinning: + allowed number of sockets = available number of sockets
                          + hyperthreading allowed by solver
         ======================================================================================

1xN006:  ================================================================================
         Version: 2024.1 Release from 2023-10-16 (change 1181985) [Release]
         Workflow: PBA matrix coefficients
         Operation: [fpba, meshfill, bg, port-path, tst, tst-nextgen, coeff, surface-imp]
         Architecture: Windows, ID: AMD64
         System Windows-64bit
         Using processor group 0/1
         Matrix calculation information:
         # of Nodes: 8
         Concurrency: 4
         Start ID: 0
         Node ID: 6
         HEX Mesh information:
         Hex mesh: node: [hxr o(28 | 0 | 29) s(31 | 30 | 43) np (no TSTs): 39990]
         Hex mesh: extended: [hxr o(26 | 0 | 27) s(33 | 32 | 45) np (no TSTs): 47520]
         ================================================================================

1xN006:  -----------------------------------------------------
         Memory status on node "1xN006" for matrix calculation
         	Estimated memory consumption: 0.0410124 GB
         	Physical memory installed: 16.8497 GB
         	Available physical memory: 8.289 GB
         	Available relative memory: 49.1936 %
         -----------------------------------------------------

1xN006:  >>>>>>>>>>>>>>>>>>>>>>>>>>>>>>>>>>>>>>>>>>>>>>>>>
         Wed Wed Sep 24 17:38:06 2025
         started: calculating matrix coefficients per node
         >>>>>>>>>>>>>>>>>>>>>>>>>>>>>>>>>>>>>>>>>>>>>>>>>

1xN006:  ============================================================
         Matrix computation (PBA)
         	[Perfect Boundary Approximation (PBA), version: default]
         	[GPU acceleration: off (by user)]
         Version: 2024.1 Release from 2023-10-16 (change 1181985)
         PBA version 2023101624
         Sub-Workflow: FARM-1xN-TST2-Node
         Workflow updated: -
         Wed Wed Sep 24 17:38:06 2025
         ============================================================

1xN006:  ---------------------------------------------
         Used point accuracy enhancement value: 0.00%.
         ---------------------------------------------

1xN006:  -------------------------------------------------
         Geometry representation: compact
         Shared memory: none
         FARM allocation scheme: PA
         Parallelization: on, used

1xN006:  Gap-Detection activated for FARM-topology. Gaps are resolved, even partially.: gap tolerance value is 0.001000 and mesh geometry scale is 1.000000
1xN006:
1xN006:



1xN006:  ----------------------
         Acceleration mode: CPU
         ----------------------

1xN006:  Port homogenization method: M2H point index deviation
1xN006:  ccccccccccccccccccccccccccccccccccccccccccccccccccccccccccccccccccccc
         FARM/Meshfill cache is set to 8 (local FI domains: 8, dynamic: false)
         ccccccccccccccccccccccccccccccccccccccccccccccccccccccccccccccccccccc

1xN006:  =============================================================
         Hex cell analyzer settings:
         	max number of E fields per mesh edge: 2
         	max number of H fields per mesh face: 4
         	supporting dual grid: false
         	performance improvement: ROI limit: true
         	performance improvement: ROI threshold: 2
         	performance improvement: single topology extraction: true
         	performance improvement: pre-categorize cell volume: true
         	periodic align: 0
         	periodic cells: true
         	homogenization version: pid
         =============================================================

1xN006:  -----------------------
         TST Statistics:
         E Split (26 | 18 | 0)
         E Adapt (55 | 84 | 109)
         B Split (78 | 71 | 79)
         B Adapt (0 | 0 | 0)
         -----------------------

1xN006:  ------------------------------------------------------------------------------
         PBA fill limit is applied in inverse mode.
         PBA fill limit is applied on faces filled with at least 97.69% metal material.
         --------------------------------------------------------------
         detailed accuracy settings:
         --------------------------------------------------------------
         augmented fill limit:       true
         augmented fill limit value: 97.69
         automatic fill limit:       true
         early fill limit:           true
         inverse fill limit:         true
         model complexity:           0.00
         legacy 2015:                false
         fixed point accuracy:       false
         minimum point accuracy:     0
         mesh step inheritance:      false
         accuracy mode:
         ------------------------------------------------------------------------------

1xN006:  =================================
         Finished matrix computation (PBA)
         =================================

1xN006:  <<<<<<<<<<<<<<<<<<<<<<<<<<<<<<<<<<<<<<<<<<<<<<<<<<<<<<<<<<<<
         Wed Wed Sep 24 17:38:09 2025
         Resource usage for calculating matrix coefficients per node:
         	Runtime                          00:00:02.00261
         	Peak Memory Estimation:                   41 MB
         	Peak Memory Usage:                        39 MB
         <<<<<<<<<<<<<<<<<<<<<<<<<<<<<<<<<<<<<<<<<<<<<<<<<<<<<<<<<<<<



1xN007:  =============================================================
         [Boundaries] - MCalc
         mpi, open-add-space, mpi, open-add-space, mpi, open-add-space
         =============================================================

1xN007:  ========================================
         [Mesh] Matrix calculation - NO ACIS mode
         [Mesh] 1xN MPI or parallelization mode
         ========================================

1xN007:  ================================
         [Mesh] Expansion: -2 0 -2 0 -2 0
         ================================

1xN007:  ==================================================
         [Mesh] world: o(0000,0000,0000) e(0059,0059,0072)
         [Mesh] l-1xN: o(0028,0028,0029) e(0059,0059,0072)
         [Mesh] e-1xN: o(0026,0026,0027) e(0059,0059,0072)
         [Mesh] g-MPI: not available
         [Mesh] bound offset: (-2 | 0 | -2)
         ==================================================

1xN007:  ======================================================================================
          - hardware info
            + cpu name                    : 12th Gen Intel(R) Core(TM) i7-12700H
            + sockets                     : 1
            + cores per socket            : 6
            + hyperthreading              : on
            + ht-units                    : 2
            + efficiency cores            : 8, not used
            + max cpuid level             : 32
            + max cpuid ext. level        : 8
            + numa nodes                  : 1
            + internal cpu info           : CPUID: selected engine is 'Leaf 0xB detection'
         performance cores:
         apic ids           : 0, 1, 8, 9, 16, 17, 24, 25, 32, 33, 40, 41
         apic ids (fallback): 0, 1, 8, 9, 16, 17, 24, 25, 32, 33, 40, 41
         from cpu registers: 0, 1, 8, 9, 16, 17, 24, 25, 32, 33, 40, 41
         fallback: 0, 1, 8, 9, 16, 17, 24, 25, 32, 33, 40, 41
         combined: 0, 1, 8, 9, 16, 17, 24, 25, 32, 33, 40, 41
         core 0 type: Intel Core
         core 1 type: Intel Core
         core 2 type: Intel Core
         core 3 type: Intel Core
         core 4 type: Intel Core
         core 5 type: Intel Core
         core 6 type: Intel Core
         core 7 type: Intel Core
         core 8 type: Intel Core
         core 9 type: Intel Core
         core 10 type: Intel Core
         core 11 type: Intel Core
         max id per cpu: 128
         SMT mask: 1
         Core mask: 7e
         Package mask: ffffff80
         set results:
           - packages: 1
           - cores: 6
           - smts: 2
         generate core map, new implementation
         0, 1, 2, 3, 4, 5, 6, 7, 8, 9, 10, 11
         packages: 1
         cores   : 6
         ht units: 2
         efficiency cores:
         apic ids           : 48, 50, 52, 54, 56, 58, 60, 62
         apic ids (fallback): 48, 50, 52, 54, 56, 58, 60, 62
         from cpu registers: 48, 50, 52, 54, 56, 58, 60, 62
         fallback: 48, 50, 52, 54, 56, 58, 60, 62
         combined: 48, 50, 52, 54, 56, 58, 60, 62
         core 0 type: Intel Atom
         core 1 type: Intel Atom
         core 2 type: Intel Atom
         core 3 type: Intel Atom
         core 4 type: Intel Atom
         core 5 type: Intel Atom
         core 6 type: Intel Atom
         core 7 type: Intel Atom
         max id per cpu: 128
         SMT mask: 1
         Core mask: 7e
         Package mask: ffffff80
         set results:
           - packages: 1
           - cores: 8
           - smts: 1
         generate core map, new implementation
         0, 1, 2, 3, 4, 5, 6, 7
         packages: 1
         cores   : 8
         ht units: 1
          - pinning rule in use   : PINNING_RULE_MCALC_SKIP_ALL
          - desired group         : 0
          - num cores available   : 20
          - efficiency cores      : 8, not used
          - active core list from affinity:
            + num accessible procs          : 20
            + num logical procs             : 20
            + current affinity (env)        : 0,1,2,3,4,5,6,7,8,9,10,11,12,13,14,15,16,17,18,19
            + sockets ids in                : 0
            + core list                  (1): 0,1,2,3,4,5,6,7,8,9,10,11,12,13,14,15,16,17,18,19
          - active cores          : 0,1,2,3,4,5,6,7,8,9,10,11,12,13,14,15,16,17,18,19
          - hyperthreading        : on
          - skip pinning: + allowed number of sockets = available number of sockets
                          + hyperthreading allowed by solver
         ======================================================================================

1xN007:  ================================================================================
         Version: 2024.1 Release from 2023-10-16 (change 1181985) [Release]
         Workflow: PBA matrix coefficients
         Operation: [fpba, meshfill, bg, port-path, tst, tst-nextgen, coeff, surface-imp]
         Architecture: Windows, ID: AMD64
         System Windows-64bit
         Using processor group 0/1
         Matrix calculation information:
         # of Nodes: 8
         Concurrency: 4
         Start ID: 2
         Node ID: 7
         HEX Mesh information:
         Hex mesh: node: [hxr o(28 | 28 | 29) s(31 | 31 | 43) np (no TSTs): 41323]
         Hex mesh: extended: [hxr o(26 | 26 | 27) s(33 | 33 | 45) np (no TSTs): 49005]
         ================================================================================

1xN007:  -----------------------------------------------------
         Memory status on node "1xN007" for matrix calculation
         	Estimated memory consumption: 0.0410124 GB
         	Physical memory installed: 16.8497 GB
         	Available physical memory: 8.29044 GB
         	Available relative memory: 49.2021 %
         -----------------------------------------------------

1xN007:  >>>>>>>>>>>>>>>>>>>>>>>>>>>>>>>>>>>>>>>>>>>>>>>>>
         Wed Wed Sep 24 17:38:06 2025
         started: calculating matrix coefficients per node
         >>>>>>>>>>>>>>>>>>>>>>>>>>>>>>>>>>>>>>>>>>>>>>>>>

1xN007:  ============================================================
         Matrix computation (PBA)
         	[Perfect Boundary Approximation (PBA), version: default]
         	[GPU acceleration: off (by user)]
         Version: 2024.1 Release from 2023-10-16 (change 1181985)
         PBA version 2023101624
         Sub-Workflow: FARM-1xN-TST2-Node
         Workflow updated: -
         Wed Wed Sep 24 17:38:06 2025
         ============================================================

1xN007:  ---------------------------------------------
         Used point accuracy enhancement value: 0.00%.
         ---------------------------------------------

1xN007:  -------------------------------------------------
         Geometry representation: compact
         Shared memory: none
         FARM allocation scheme: PA
         Parallelization: on, used

1xN007:  Gap-Detection activated for FARM-topology. Gaps are resolved, even partially.: gap tolerance value is 0.001000 and mesh geometry scale is 1.000000
1xN007:
1xN007:



1xN007:  ----------------------
         Acceleration mode: CPU
         ----------------------

1xN007:  Port homogenization method: M2H point index deviation
1xN007:  ccccccccccccccccccccccccccccccccccccccccccccccccccccccccccccccccccccc
         FARM/Meshfill cache is set to 8 (local FI domains: 8, dynamic: false)
         ccccccccccccccccccccccccccccccccccccccccccccccccccccccccccccccccccccc

1xN007:  =============================================================
         Hex cell analyzer settings:
         	max number of E fields per mesh edge: 2
         	max number of H fields per mesh face: 4
         	supporting dual grid: false
         	performance improvement: ROI limit: true
         	performance improvement: ROI threshold: 2
         	performance improvement: single topology extraction: true
         	performance improvement: pre-categorize cell volume: true
         	periodic align: 0
         	periodic cells: true
         	homogenization version: pid
         =============================================================

1xN007:  -----------------------
         TST Statistics:
         E Split (40 | 18 | 0)
         E Adapt (68 | 95 | 133)
         B Split (86 | 103 | 95)
         B Adapt (0 | 0 | 0)
         -----------------------

1xN007:  ------------------------------------------------------------------------------
         PBA fill limit is applied in inverse mode.
         PBA fill limit is applied on faces filled with at least 97.69% metal material.
         --------------------------------------------------------------
         detailed accuracy settings:
         --------------------------------------------------------------
         augmented fill limit:       true
         augmented fill limit value: 97.69
         automatic fill limit:       true
         early fill limit:           true
         inverse fill limit:         true
         model complexity:           0.00
         legacy 2015:                false
         fixed point accuracy:       false
         minimum point accuracy:     0
         mesh step inheritance:      false
         accuracy mode:
         ------------------------------------------------------------------------------

1xN007:  =================================
         Finished matrix computation (PBA)
         =================================

1xN007:  <<<<<<<<<<<<<<<<<<<<<<<<<<<<<<<<<<<<<<<<<<<<<<<<<<<<<<<<<<<<
         Wed Wed Sep 24 17:38:09 2025
         Resource usage for calculating matrix coefficients per node:
         	Runtime                          00:00:02.00359
         	Peak Memory Estimation:                   41 MB
         	Peak Memory Usage:                        42 MB
         <<<<<<<<<<<<<<<<<<<<<<<<<<<<<<<<<<<<<<<<<<<<<<<<<<<<<<<<<<<<



<<<<<<<<<<<<<<<<<<<<<<<<<<<<<<<<<<<<<<<<<<<<<<<
Wed Wed Sep 24 17:38:12 2025
Resource usage for parallelization control:
	Runtime                      00:00:06.00651
<<<<<<<<<<<<<<<<<<<<<<<<<<<<<<<<<<<<<<<<<<<<<<<

------------------------------------------------------------------------------------------------------------------------------
PBAMeshFeedback - InfoMap: 0[ms] - SBCell navigation: Using legacy edges - CornerCorrectionLinesAndWires: 0[ms] - Write: 0[ms]
ConnectivityAXG - Load: 1[ms] - Setup: 0[ms] - Convert: 2[ms] ( Groups: 3 - Shapes: 3 - Threads: 14 ) - Write: 0[ms]
ConnectivityAXG - Load: 1[ms] - Setup: 0[ms] - Convert: 2[ms] ( Groups: 3 - Shapes: 3 - Threads: 14 ) - Write: 0[ms]
------------------------------------------------------------------------------------------------------------------------------

--------------------------------
# of staircase filled cells: 0
# of staircase filled areas: 0
# of staircase filled edges: 0
# of faces above fill limit: 0
# of edges with FPBA topology: 0
--------------------------------

