Unknown:
C:\python\pz_and_lr\2course\pz2\model\pz2\Result\hardware_resources.sconf
C:\python\pz_and_lr\2course\pz2\model\pz2\Result\Hex.gap
C:\python\pz_and_lr\2course\pz2\model\pz2\Result\MCalc.ddi
C:\python\pz_and_lr\2course\pz2\model\pz2\Result\MCalc.log
C:\python\pz_and_lr\2course\pz2\model\pz2\Result\ml_info.log
C:\python\pz_and_lr\2course\pz2\model\pz2\Result\Model.axg
C:\python\pz_and_lr\2course\pz2\model\pz2\Result\Model.ddi
C:\python\pz_and_lr\2course\pz2\model\pz2\Result\Model.log
C:\python\pz_and_lr\2course\pz2\model\pz2\Result\Model.sa
C:\python\pz_and_lr\2course\pz2\model\pz2\Result\Model.sam
C:\python\pz_and_lr\2course\pz2\model\pz2\Result\ModelPBA.axg
C:\python\pz_and_lr\2course\pz2\model\pz2\Result\m^fifx.dsc
C:\python\pz_and_lr\2course\pz2\model\pz2\Result\m^fqq.dsc
C:\python\pz_and_lr\2course\pz2\model\pz2\Result\Ports.web
C:\python\pz_and_lr\2course\pz2\model\pz2\Result\PP-MCalc.log
C:\python\pz_and_lr\2course\pz2\model\pz2\Result\PP-Prio.log
C:\python\pz_and_lr\2course\pz2\model\pz2\Result\p^a.dsc
C:\python\pz_and_lr\2course\pz2\model\pz2\Result\P^m^fbqq.slog
C:\python\pz_and_lr\2course\pz2\model\pz2\Result\P^m^fqq.slog
C:\python\pz_and_lr\2course\pz2\model\pz2\Result\P^p^m.slog
C:\python\pz_and_lr\2course\pz2\model\pz2\Result\P^s^pm.slog
C:\python\pz_and_lr\2course\pz2\model\pz2\Result\WEP.log
Mesh:
C:\python\pz_and_lr\2course\pz2\model\pz2\Result\dA.mat
C:\python\pz_and_lr\2course\pz2\model\pz2\Result\dad.mat
C:\python\pz_and_lr\2course\pz2\model\pz2\Result\ds.mat
C:\python\pz_and_lr\2course\pz2\model\pz2\Result\dsd.mat
C:\python\pz_and_lr\2course\pz2\model\pz2\Result\dsMCalc.mat
C:\python\pz_and_lr\2course\pz2\model\pz2\Result\Eps.mat
C:\python\pz_and_lr\2course\pz2\model\pz2\Result\HexMatrix.m2h
C:\python\pz_and_lr\2course\pz2\model\pz2\Result\HexMatrix^f^d^1.m2h
C:\python\pz_and_lr\2course\pz2\model\pz2\Result\HexMatrix^f^n^1.m2h
C:\python\pz_and_lr\2course\pz2\model\pz2\Result\HexMatrix_MCalc.m2h
C:\python\pz_and_lr\2course\pz2\model\pz2\Result\MCalc.fmp
C:\python\pz_and_lr\2course\pz2\model\pz2\Result\MCalc.xcfd
C:\python\pz_and_lr\2course\pz2\model\pz2\Result\MCalcCCS_c.mson
C:\python\pz_and_lr\2course\pz2\model\pz2\Result\Meta.m2h
C:\python\pz_and_lr\2course\pz2\model\pz2\Result\Model-fmf.msqlite
C:\python\pz_and_lr\2course\pz2\model\pz2\Result\Model.cct
C:\python\pz_and_lr\2course\pz2\model\pz2\Result\Model.fmf
C:\python\pz_and_lr\2course\pz2\model\pz2\Result\Model.fmm
C:\python\pz_and_lr\2course\pz2\model\pz2\Result\Model.fpc
C:\python\pz_and_lr\2course\pz2\model\pz2\Result\Model.fwf
C:\python\pz_and_lr\2course\pz2\model\pz2\Result\Model.sid
C:\python\pz_and_lr\2course\pz2\model\pz2\Result\Model.spi
C:\python\pz_and_lr\2course\pz2\model\pz2\Result\Model.xcfd
C:\python\pz_and_lr\2course\pz2\model\pz2\Result\Mue.mat
C:\python\pz_and_lr\2course\pz2\model\pz2\Result\m^fqq.mem
C:\python\pz_and_lr\2course\pz2\model\pz2\Result\PEC.mat
C:\python\pz_and_lr\2course\pz2\model\pz2\Result\Ports.fpt
C:\python\pz_and_lr\2course\pz2\model\pz2\Result\p^a.mem
C:\python\pz_and_lr\2course\pz2\model\pz2\Result\p^m.mem
C:\python\pz_and_lr\2course\pz2\model\pz2\Result\S2HMatrix.m2h
C:\python\pz_and_lr\2course\pz2\model\pz2\Result\Shapes.con
C:\python\pz_and_lr\2course\pz2\model\pz2\Result\s^pm.mem
Port:
C:\python\pz_and_lr\2course\pz2\model\pz2\Result\Model.pmi
